<?xml version="1.0" encoding="utf-8"?>
<test-run id="2" testcasecount="22" result="Passed" total="22" passed="22" failed="0" inconclusive="0" skipped="0" asserts="0" engine-version="3.5.0.0" clr-version="4.0.30319.42000" start-time="2026-09-05 21:09:06Z" end-time="2026-09-05 21:09:07Z" duration="0,213185">
  <test-suite type="TestSuite" id="1000" name="Azonera" fullname="Azonera" runstate="Runnable" testcasecount="22" result="Passed" start-time="2026-09-05 21:09:06Z" end-time="2026-09-05 21:09:07Z" duration="0.213185" total="22" passed="22" failed="0" inconclusive="0" skipped="0" asserts="0">
    <properties>
      <property name="platform" value="EditMode" />
    </properties>
    <test-suite type="Assembly" id="1028" name="Azonera.Tests.EditMode.dll" fullname="C:/Projects/AzoneraRPG/Library/ScriptAssemblies/Azonera.Tests.EditMode.dll" runstate="Runnable" testcasecount="22" result="Passed" start-time="2026-09-05 21:09:06Z" end-time="2026-09-05 21:09:07Z" duration="0.199661" total="22" passed="22" failed="0" inconclusive="0" skipped="0" asserts="0">
      <properties>
        <property name="_PID" value="6076" />
        <property name="_APPDOMAIN" value="Unity Child Domain" />
        <property name="platform" value="EditMode" />
        <property name="EditorOnly" value="True" />
      </properties>
      <test-suite type="TestSuite" id="1029" name="Azonera" fullname="Azonera" runstate="Runnable" testcasecount="22" result="Passed" start-time="2026-09-05 21:09:06Z" end-time="2026-09-05 21:09:07Z" duration="0.198677" total="22" passed="22" failed="0" inconclusive="0" skipped="0" asserts="0">
        <properties />
        <test-suite type="TestSuite" id="1030" name="Tests" fullname="Azonera.Tests" runstate="Runnable" testcasecount="22" result="Passed" start-time="2026-09-05 21:09:06Z" end-time="2026-09-05 21:09:07Z" duration="0.197964" total="22" passed="22" failed="0" inconclusive="0" skipped="0" asserts="0">
          <properties />
          <test-suite type="TestSuite" id="1031" name="EditMode" fullname="Azonera.Tests.EditMode" runstate="Runnable" testcasecount="22" result="Passed" start-time="2026-09-05 21:09:06Z" end-time="2026-09-05 21:09:07Z" duration="0.197152" total="22" passed="22" failed="0" inconclusive="0" skipped="0" asserts="0">
            <properties />
            <test-suite type="TestFixture" id="1001" name="EquipmentTests" fullname="Azonera.Tests.EditMode.EquipmentTests" classname="Azonera.Tests.EditMode.EquipmentTests" runstate="Runnable" testcasecount="3" result="Passed" start-time="2026-09-05 21:09:06Z" end-time="2026-09-05 21:09:06Z" duration="0.081843" total="3" passed="3" failed="0" inconclusive="0" skipped="0" asserts="0">
              <properties />
              <test-case id="1002" name="Equip_AppliesModifier_Unequip_Reverts" fullname="Azonera.Tests.EditMode.EquipmentTests.Equip_AppliesModifier_Unequip_Reverts" methodname="Equip_AppliesModifier_Unequip_Reverts" classname="Azonera.Tests.EditMode.EquipmentTests" runstate="Runnable" seed="138571668" result="Passed" start-time="2026-09-05 21:09:06Z" end-time="2026-09-05 21:09:06Z" duration="0.046525" asserts="0">
                <properties>
                  <property name="retryIteration" value="0" />
                  <property name="repeatIteration" value="0" />
                </properties>
              </test-case>
              <test-case id="1004" name="Equip_BelowRequiredLevel_IsRejected" fullname="Azonera.Tests.EditMode.EquipmentTests.Equip_BelowRequiredLevel_IsRejected" methodname="Equip_BelowRequiredLevel_IsRejected" classname="Azonera.Tests.EditMode.EquipmentTests" runstate="Runnable" seed="1119004083" result="Passed" start-time="2026-09-05 21:09:06Z" end-time="2026-09-05 21:09:06Z" duration="0.003052" asserts="0">
                <properties>
                  <property name="retryIteration" value="0" />
                  <property name="repeatIteration" value="0" />
                </properties>
                <output><![CDATA[[Equipment] Nowy przedmiot wymaga poziomu 10.
]]></output>
              </test-case>
              <test-case id="1003" name="Equip_ReplacingSameSlot_ReturnsPreviousItem" fullname="Azonera.Tests.EditMode.EquipmentTests.Equip_ReplacingSameSlot_ReturnsPreviousItem" methodname="Equip_ReplacingSameSlot_ReturnsPreviousItem" classname="Azonera.Tests.EditMode.EquipmentTests" runstate="Runnable" seed="2025402283" result="Passed" start-time="2026-09-05 21:09:06Z" end-time="2026-09-05 21:09:06Z" duration="0.000508" asserts="0">
                <properties>
                  <property name="retryIteration" value="0" />
                  <property name="repeatIteration" value="0" />
                </properties>
              </test-case>
            </test-suite>
            <test-suite type="TestFixture" id="1005" name="InventoryTests" fullname="Azonera.Tests.EditMode.InventoryTests" classname="Azonera.Tests.EditMode.InventoryTests" runstate="Runnable" testcasecount="4" result="Passed" start-time="2026-09-05 21:09:06Z" end-time="2026-09-05 21:09:06Z" duration="0.009089" total="4" passed="4" failed="0" inconclusive="0" skipped="0" asserts="0">
              <properties />
              <test-case id="1007" name="NonStackable_TakesSeparateSlots" fullname="Azonera.Tests.EditMode.InventoryTests.NonStackable_TakesSeparateSlots" methodname="NonStackable_TakesSeparateSlots" classname="Azonera.Tests.EditMode.InventoryTests" runstate="Runnable" seed="1265349673" result="Passed" start-time="2026-09-05 21:09:06Z" end-time="2026-09-05 21:09:06Z" duration="0.003429" asserts="0">
                <properties>
                  <property name="retryIteration" value="0" />
                  <property name="repeatIteration" value="0" />
                </properties>
              </test-case>
              <test-case id="1009" name="RemoveOne_DecrementsAndRemovesEmptyStack" fullname="Azonera.Tests.EditMode.InventoryTests.RemoveOne_DecrementsAndRemovesEmptyStack" methodname="RemoveOne_DecrementsAndRemovesEmptyStack" classname="Azonera.Tests.EditMode.InventoryTests" runstate="Runnable" seed="168840698" result="Passed" start-time="2026-09-05 21:09:06Z" end-time="2026-09-05 21:09:06Z" duration="0.001205" asserts="0">
                <properties>
                  <property name="retryIteration" value="0" />
                  <property name="repeatIteration" value="0" />
                </properties>
              </test-case>
              <test-case id="1008" name="SlotLimit_IsRespected" fullname="Azonera.Tests.EditMode.InventoryTests.SlotLimit_IsRespected" methodname="SlotLimit_IsRespected" classname="Azonera.Tests.EditMode.InventoryTests" runstate="Runnable" seed="686328530" result="Passed" start-time="2026-09-05 21:09:06Z" end-time="2026-09-05 21:09:06Z" duration="0.000743" asserts="0">
                <properties>
                  <property name="retryIteration" value="0" />
                  <property name="repeatIteration" value="0" />
                </properties>
              </test-case>
              <test-case id="1006" name="StackableItems_StackUpToMaxStack" fullname="Azonera.Tests.EditMode.InventoryTests.StackableItems_StackUpToMaxStack" methodname="StackableItems_StackUpToMaxStack" classname="Azonera.Tests.EditMode.InventoryTests" runstate="Runnable" seed="423843991" result="Passed" start-time="2026-09-05 21:09:06Z" end-time="2026-09-05 21:09:06Z" duration="0.000845" asserts="0">
                <properties>
                  <property name="retryIteration" value="0" />
                  <property name="repeatIteration" value="0" />
                </properties>
              </test-case>
            </test-suite>
            <test-suite type="TestFixture" id="1010" name="LootTests" fullname="Azonera.Tests.EditMode.LootTests" classname="Azonera.Tests.EditMode.LootTests" runstate="Runnable" testcasecount="3" result="Passed" start-time="2026-09-05 21:09:06Z" end-time="2026-09-05 21:09:07Z" duration="0.013930" total="3" passed="3" failed="0" inconclusive="0" skipped="0" asserts="0">
              <properties />
              <test-case id="1013" name="EmptyTable_ReturnsNothing" fullname="Azonera.Tests.EditMode.LootTests.EmptyTable_ReturnsNothing" methodname="EmptyTable_ReturnsNothing" classname="Azonera.Tests.EditMode.LootTests" runstate="Runnable" seed="1635795100" result="Passed" start-time="2026-09-05 21:09:06Z" end-time="2026-09-05 21:09:06Z" duration="0.002897" asserts="0">
                <properties>
                  <property name="retryIteration" value="0" />
                  <property name="repeatIteration" value="0" />
                </properties>
              </test-case>
              <test-case id="1012" name="Gold_IsWithinConfiguredRange" fullname="Azonera.Tests.EditMode.LootTests.Gold_IsWithinConfiguredRange" methodname="Gold_IsWithinConfiguredRange" classname="Azonera.Tests.EditMode.LootTests" runstate="Runnable" seed="2039402028" result="Passed" start-time="2026-09-05 21:09:06Z" end-time="2026-09-05 21:09:07Z" duration="0.006113" asserts="0">
                <properties>
                  <property name="retryIteration" value="0" />
                  <property name="repeatIteration" value="0" />
                </properties>
              </test-case>
              <test-case id="1011" name="GuaranteedEntry_AlwaysRolls_WithinCountBounds" fullname="Azonera.Tests.EditMode.LootTests.GuaranteedEntry_AlwaysRolls_WithinCountBounds" methodname="GuaranteedEntry_AlwaysRolls_WithinCountBounds" classname="Azonera.Tests.EditMode.LootTests" runstate="Runnable" seed="2117263601" result="Passed" start-time="2026-09-05 21:09:07Z" end-time="2026-09-05 21:09:07Z" duration="0.003047" asserts="0">
                <properties>
                  <property name="retryIteration" value="0" />
                  <property name="repeatIteration" value="0" />
                </properties>
              </test-case>
            </test-suite>
            <test-suite type="TestFixture" id="1014" name="SaveTests" fullname="Azonera.Tests.EditMode.SaveTests" classname="Azonera.Tests.EditMode.SaveTests" runstate="Runnable" testcasecount="4" result="Passed" start-time="2026-09-05 21:09:07Z" end-time="2026-09-05 21:09:07Z" duration="0.055053" total="4" passed="4" failed="0" inconclusive="0" skipped="0" asserts="0">
              <properties />
              <test-case id="1017" name="Apply_RestoresLevelAndPosition" fullname="Azonera.Tests.EditMode.SaveTests.Apply_RestoresLevelAndPosition" methodname="Apply_RestoresLevelAndPosition" classname="Azonera.Tests.EditMode.SaveTests" runstate="Runnable" seed="2090895063" result="Passed" start-time="2026-09-05 21:09:07Z" end-time="2026-09-05 21:09:07Z" duration="0.023848" asserts="0">
                <properties>
                  <property name="retryIteration" value="0" />
                  <property name="repeatIteration" value="0" />
                </properties>
                <output><![CDATA[[Save] Zapisano grę: C:/Users/Paweu/AppData/LocalLow/Azonera Studio/Azonera\azonera_save.json
[Save] Wczytano zapis.
]]></output>
              </test-case>
              <test-case id="1018" name="Delete_RemovesSave" fullname="Azonera.Tests.EditMode.SaveTests.Delete_RemovesSave" methodname="Delete_RemovesSave" classname="Azonera.Tests.EditMode.SaveTests" runstate="Runnable" seed="1049902317" result="Passed" start-time="2026-09-05 21:09:07Z" end-time="2026-09-05 21:09:07Z" duration="0.008304" asserts="0">
                <properties>
                  <property name="retryIteration" value="0" />
                  <property name="repeatIteration" value="0" />
                </properties>
                <output><![CDATA[[Save] Zapisano grę: C:/Users/Paweu/AppData/LocalLow/Azonera Studio/Azonera\azonera_save.json
]]></output>
              </test-case>
              <test-case id="1015" name="SaveData_JsonRoundTrip_PreservesFields" fullname="Azonera.Tests.EditMode.SaveTests.SaveData_JsonRoundTrip_PreservesFields" methodname="SaveData_JsonRoundTrip_PreservesFields" classname="Azonera.Tests.EditMode.SaveTests" runstate="Runnable" seed="1070768600" result="Passed" start-time="2026-09-05 21:09:07Z" end-time="2026-09-05 21:09:07Z" duration="0.003154" asserts="0">
                <properties>
                  <property name="retryIteration" value="0" />
                  <property name="repeatIteration" value="0" />
                </properties>
              </test-case>
              <test-case id="1016" name="SaveThenLoad_RoundTripsProgression" fullname="Azonera.Tests.EditMode.SaveTests.SaveThenLoad_RoundTripsProgression" methodname="SaveThenLoad_RoundTripsProgression" classname="Azonera.Tests.EditMode.SaveTests" runstate="Runnable" seed="1727976369" result="Passed" start-time="2026-09-05 21:09:07Z" end-time="2026-09-05 21:09:07Z" duration="0.017444" asserts="0">
                <properties>
                  <property name="retryIteration" value="0" />
                  <property name="repeatIteration" value="0" />
                </properties>
                <output><![CDATA[[Save] Zapisano grę: C:/Users/Paweu/AppData/LocalLow/Azonera Studio/Azonera\azonera_save.json
]]></output>
              </test-case>
            </test-suite>
            <test-suite type="TestFixture" id="1019" name="StatsTests" fullname="Azonera.Tests.EditMode.StatsTests" classname="Azonera.Tests.EditMode.StatsTests" runstate="Runnable" testcasecount="8" result="Passed" start-time="2026-09-05 21:09:07Z" end-time="2026-09-05 21:09:07Z" duration="0.033861" total="8" passed="8" failed="0" inconclusive="0" skipped="0" asserts="0">
              <properties />
              <test-case id="1022" name="ExperienceCurve_IsIncreasing" fullname="Azonera.Tests.EditMode.StatsTests.ExperienceCurve_IsIncreasing" methodname="ExperienceCurve_IsIncreasing" classname="Azonera.Tests.EditMode.StatsTests" runstate="Runnable" seed="1304961859" result="Passed" start-time="2026-09-05 21:09:07Z" end-time="2026-09-05 21:09:07Z" duration="0.002440" asserts="0">
                <properties>
                  <property name="retryIteration" value="0" />
                  <property name="repeatIteration" value="0" />
                </properties>
              </test-case>
              <test-case id="1026" name="Heal_ClampsToMax" fullname="Azonera.Tests.EditMode.StatsTests.Heal_ClampsToMax" methodname="Heal_ClampsToMax" classname="Azonera.Tests.EditMode.StatsTests" runstate="Runnable" seed="1698486300" result="Passed" start-time="2026-09-05 21:09:07Z" end-time="2026-09-05 21:09:07Z" duration="0.002275" asserts="0">
                <properties>
                  <property name="retryIteration" value="0" />
                  <property name="repeatIteration" value="0" />
                </properties>
              </test-case>
              <test-case id="1020" name="InitializeFromClass_SetsMaxHealth_AndFullCurrent" fullname="Azonera.Tests.EditMode.StatsTests.InitializeFromClass_SetsMaxHealth_AndFullCurrent" methodname="InitializeFromClass_SetsMaxHealth_AndFullCurrent" classname="Azonera.Tests.EditMode.StatsTests" runstate="Runnable" seed="384278364" result="Passed" start-time="2026-09-05 21:09:07Z" end-time="2026-09-05 21:09:07Z" duration="0.002793" asserts="0">
                <properties>
                  <property name="retryIteration" value="0" />
                  <property name="repeatIteration" value="0" />
                </properties>
              </test-case>
              <test-case id="1025" name="LethalDamage_TriggersDeath_AndEvent" fullname="Azonera.Tests.EditMode.StatsTests.LethalDamage_TriggersDeath_AndEvent" methodname="LethalDamage_TriggersDeath_AndEvent" classname="Azonera.Tests.EditMode.StatsTests" runstate="Runnable" seed="1776401539" result="Passed" start-time="2026-09-05 21:09:07Z" end-time="2026-09-05 21:09:07Z" duration="0.002057" asserts="0">
                <properties>
                  <property name="retryIteration" value="0" />
                  <property name="repeatIteration" value="0" />
                </properties>
              </test-case>
              <test-case id="1021" name="LevelUp_IncreasesMaxHealth_ByGrowth" fullname="Azonera.Tests.EditMode.StatsTests.LevelUp_IncreasesMaxHealth_ByGrowth" methodname="LevelUp_IncreasesMaxHealth_ByGrowth" classname="Azonera.Tests.EditMode.StatsTests" runstate="Runnable" seed="420570431" result="Passed" start-time="2026-09-05 21:09:07Z" end-time="2026-09-05 21:09:07Z" duration="0.002057" asserts="0">
                <properties>
                  <property name="retryIteration" value="0" />
                  <property name="repeatIteration" value="0" />
                </properties>
              </test-case>
              <test-case id="1027" name="Mana_SpendAndRestore" fullname="Azonera.Tests.EditMode.StatsTests.Mana_SpendAndRestore" methodname="Mana_SpendAndRestore" classname="Azonera.Tests.EditMode.StatsTests" runstate="Runnable" seed="556503778" result="Passed" start-time="2026-09-05 21:09:07Z" end-time="2026-09-05 21:09:07Z" duration="0.001802" asserts="0">
                <properties>
                  <property name="retryIteration" value="0" />
                  <property name="repeatIteration" value="0" />
                </properties>
              </test-case>
              <test-case id="1023" name="PhysicalDamage_AppliesDefenseThenArmor" fullname="Azonera.Tests.EditMode.StatsTests.PhysicalDamage_AppliesDefenseThenArmor" methodname="PhysicalDamage_AppliesDefenseThenArmor" classname="Azonera.Tests.EditMode.StatsTests" runstate="Runnable" seed="300995594" result="Passed" start-time="2026-09-05 21:09:07Z" end-time="2026-09-05 21:09:07Z" duration="0.001262" asserts="0">
                <properties>
                  <property name="retryIteration" value="0" />
                  <property name="repeatIteration" value="0" />
                </properties>
              </test-case>
              <test-case id="1024" name="TrueDamage_IgnoresMitigation" fullname="Azonera.Tests.EditMode.StatsTests.TrueDamage_IgnoresMitigation" methodname="TrueDamage_IgnoresMitigation" classname="Azonera.Tests.EditMode.StatsTests" runstate="Runnable" seed="94919446" result="Passed" start-time="2026-09-05 21:09:07Z" end-time="2026-09-05 21:09:07Z" duration="0.001120" asserts="0">
                <properties>
                  <property name="retryIteration" value="0" />
                  <property name="repeatIteration" value="0" />
                </properties>
                <output><![CDATA[Saving results to: C:/Users/Paweu/AppData/LocalLow/Azonera Studio/Azonera\TestResults.xml
]]></output>
              </test-case>
            </test-suite>
          </test-suite>
        </test-suite>
      </test-suite>
    </test-suite>
  </test-suite>
</test-run>