<?xml version="1.0" encoding="utf-8"?>
<test-run id="2" testcasecount="1" result="Passed" total="1" passed="1" failed="0" inconclusive="0" skipped="0" asserts="0" engine-version="3.5.0.0" clr-version="4.0.30319.42000" start-time="2026-09-05 21:09:24Z" end-time="2026-09-05 21:09:24Z" duration="0,1121789">
  <test-suite type="TestSuite" id="1010" name="Azonera" fullname="Azonera" runstate="Runnable" testcasecount="1" result="Passed" start-time="2026-09-05 21:09:24Z" end-time="2026-09-05 21:09:24Z" duration="0.112179" total="1" passed="1" failed="0" inconclusive="0" skipped="0" asserts="0">
    <properties>
      <property name="platform" value="PlayMode" />
    </properties>
    <test-suite type="Assembly" id="1013" name="Azonera.Tests.PlayMode.dll" fullname="C:/Projects/AzoneraRPG/Library/ScriptAssemblies/Azonera.Tests.PlayMode.dll" runstate="Runnable" testcasecount="1" result="Passed" start-time="2026-09-05 21:09:24Z" end-time="2026-09-05 21:09:24Z" duration="0.098102" total="1" passed="1" failed="0" inconclusive="0" skipped="0" asserts="0">
      <properties>
        <property name="_PID" value="9252" />
        <property name="_APPDOMAIN" value="Unity Child Domain" />
        <property name="platform" value="PlayMode" />
        <property name="EditorOnly" value="False" />
      </properties>
      <test-suite type="TestSuite" id="1014" name="Azonera" fullname="Azonera" runstate="Runnable" testcasecount="1" result="Passed" start-time="2026-09-05 21:09:24Z" end-time="2026-09-05 21:09:24Z" duration="0.097011" total="1" passed="1" failed="0" inconclusive="0" skipped="0" asserts="0">
        <properties />
        <test-suite type="TestSuite" id="1015" name="Tests" fullname="Azonera.Tests" runstate="Runnable" testcasecount="1" result="Passed" start-time="2026-09-05 21:09:24Z" end-time="2026-09-05 21:09:24Z" duration="0.096461" total="1" passed="1" failed="0" inconclusive="0" skipped="0" asserts="0">
          <properties />
          <test-suite type="TestSuite" id="1016" name="PlayMode" fullname="Azonera.Tests.PlayMode" runstate="Runnable" testcasecount="1" result="Passed" start-time="2026-09-05 21:09:24Z" end-time="2026-09-05 21:09:24Z" duration="0.095796" total="1" passed="1" failed="0" inconclusive="0" skipped="0" asserts="0">
            <properties />
            <test-suite type="TestFixture" id="1011" name="CombatLoopTests" fullname="Azonera.Tests.PlayMode.CombatLoopTests" classname="Azonera.Tests.PlayMode.CombatLoopTests" runstate="Runnable" testcasecount="1" result="Passed" start-time="2026-09-05 21:09:24Z" end-time="2026-09-05 21:09:24Z" duration="0.093648" total="1" passed="1" failed="0" inconclusive="0" skipped="0" asserts="0">
              <properties />
              <test-case id="1012" name="FullLoop_Kill_Exp_Loot_Pickup" fullname="Azonera.Tests.PlayMode.CombatLoopTests.FullLoop_Kill_Exp_Loot_Pickup" methodname="FullLoop_Kill_Exp_Loot_Pickup" classname="Azonera.Tests.PlayMode.CombatLoopTests" runstate="Runnable" seed="1749960556" result="Passed" start-time="2026-09-05 21:09:24Z" end-time="2026-09-05 21:09:24Z" duration="0.071290" asserts="0">
                <properties>
                  <property name="_JOINTYPE" value="UnityCombinatorial" />
                  <property name="retryIteration" value="0" />
                  <property name="repeatIteration" value="0" />
                </properties>
                <output><![CDATA[[Loot] Podniesiono: Nowy przedmiot x1
Saving results to: C:/Users/Paweu/AppData/LocalLow/Azonera Studio/Azonera\TestResults.xml
]]></output>
              </test-case>
            </test-suite>
          </test-suite>
        </test-suite>
      </test-suite>
    </test-suite>
  </test-suite>
</test-run>